2025-02-18 17:23:29 [background-preinit] INFO  o.h.validator.internal.util.Version - HV000001: Hibernate Validator 6.2.5.Final
2025-02-18 17:23:30 [main] INFO  o.s.c.c.c.ConfigServicePropertySourceLocator - Fetching config from server at : http://localhost:8888
2025-02-18 17:23:33 [main] INFO  o.s.c.c.c.ConfigServicePropertySourceLocator - Located environment: name=ms-credits, profiles=[default], label=null, version=3dfb484c3d068d093481832eccb35ca1dfbe66dc, state=null
2025-02-18 17:23:33 [main] INFO  o.s.c.b.c.PropertySourceBootstrapConfiguration - Located property source: [BootstrapPropertySource {name='bootstrapProperties-configClient'}, BootstrapPropertySource {name='bootstrapProperties-https://github.com/aliciaVillon/ms-admin-server-data.git/ms-credits.yml'}]
2025-02-18 17:23:33 [main] INFO  p.mscredit.MsCreditApplicationTests - No active profile set, falling back to 1 default profile: "default"
2025-02-18 17:23:34 [main] INFO  o.s.d.r.c.RepositoryConfigurationDelegate - Bootstrapping Spring Data Reactive MongoDB repositories in DEFAULT mode.
2025-02-18 17:23:34 [main] INFO  o.s.d.r.c.RepositoryConfigurationDelegate - Finished Spring Data repository scanning in 215 ms. Found 1 Reactive MongoDB repository interfaces.
2025-02-18 17:23:35 [main] INFO  o.s.cloud.context.scope.GenericScope - BeanFactory id=b267cc67-cf73-3de9-937b-d3958d22d11e
2025-02-18 17:23:36 [main] INFO  org.mongodb.driver.client - MongoClient with metadata {"driver": {"name": "mongo-java-driver|reactive-streams|spring-boot", "version": "4.6.1"}, "os": {"type": "Windows", "name": "Windows 10", "architecture": "amd64", "version": "10.0"}, "platform": "Java/Oracle Corporation/17.0.14+8-LTS-191"} created with settings MongoClientSettings{readPreference=primary, writeConcern=WriteConcern{w=null, wTimeout=null ms, journal=null}, retryWrites=true, retryReads=true, readConcern=ReadConcern{level=null}, credential=null, streamFactoryFactory=NettyStreamFactoryFactory{eventLoopGroup=io.netty.channel.nio.NioEventLoopGroup@2935042e, socketChannelClass=class io.netty.channel.socket.nio.NioSocketChannel, allocator=PooledByteBufAllocator(directByDefault: true), sslContext=null}, commandListeners=[io.micrometer.core.instrument.binder.mongodb.MongoMetricsCommandListener@5fae1b], codecRegistry=ProvidersCodecRegistry{codecProviders=[ValueCodecProvider{}, BsonValueCodecProvider{}, DBRefCodecProvider{}, DBObjectCodecProvider{}, DocumentCodecProvider{}, IterableCodecProvider{}, MapCodecProvider{}, GeoJsonCodecProvider{}, GridFSFileCodecProvider{}, Jsr310CodecProvider{}, JsonObjectCodecProvider{}, BsonCodecProvider{}, EnumCodecProvider{}, com.mongodb.Jep395RecordCodecProvider@436dded]}, clusterSettings={hosts=[localhost:27017], srvServiceName=mongodb, mode=SINGLE, requiredClusterType=UNKNOWN, requiredReplicaSetName='null', serverSelector='null', clusterListeners='[]', serverSelectionTimeout='30000 ms', localThreshold='30000 ms'}, socketSettings=SocketSettings{connectTimeoutMS=10000, readTimeoutMS=0, receiveBufferSize=0, sendBufferSize=0}, heartbeatSocketSettings=SocketSettings{connectTimeoutMS=10000, readTimeoutMS=10000, receiveBufferSize=0, sendBufferSize=0}, connectionPoolSettings=ConnectionPoolSettings{maxSize=100, minSize=0, maxWaitTimeMS=120000, maxConnectionLifeTimeMS=0, maxConnectionIdleTimeMS=0, maintenanceInitialDelayMS=0, maintenanceFrequencyMS=60000, connectionPoolListeners=[io.micrometer.core.instrument.binder.mongodb.MongoMetricsConnectionPoolListener@4d12e75d], maxConnecting=2}, serverSettings=ServerSettings{heartbeatFrequencyMS=10000, minHeartbeatFrequencyMS=500, serverListeners='[]', serverMonitorListeners='[]'}, sslSettings=SslSettings{enabled=false, invalidHostNameAllowed=false, context=null}, applicationName='null', compressorList=[], uuidRepresentation=JAVA_LEGACY, serverApi=null, autoEncryptionSettings=null, contextProvider=null}
2025-02-18 17:23:36 [cluster-ClusterId{value='67b508685f6fe85c061325fe', description='null'}-localhost:27017] INFO  org.mongodb.driver.connection - Opened connection [connectionId{localValue:2, serverValue:155}] to localhost:27017
2025-02-18 17:23:36 [cluster-rtt-ClusterId{value='67b508685f6fe85c061325fe', description='null'}-localhost:27017] INFO  org.mongodb.driver.connection - Opened connection [connectionId{localValue:1, serverValue:156}] to localhost:27017
2025-02-18 17:23:36 [cluster-ClusterId{value='67b508685f6fe85c061325fe', description='null'}-localhost:27017] INFO  org.mongodb.driver.cluster - Monitor thread successfully connected to server with description ServerDescription{address=localhost:27017, type=STANDALONE, state=CONNECTED, ok=true, minWireVersion=0, maxWireVersion=25, maxDocumentSize=16777216, logicalSessionTimeoutMinutes=30, roundTripTimeNanos=81818000}
2025-02-18 17:23:38 [main] INFO  o.s.b.a.e.web.EndpointLinksResolver - Exposing 15 endpoint(s) beneath base path '/actuator'
2025-02-18 17:23:39 [main] INFO  p.mscredit.MsCreditApplicationTests - Started MsCreditApplicationTests in 10.655 seconds (JVM running for 12.417)
2025-02-18 17:26:53 [background-preinit] INFO  o.h.validator.internal.util.Version - HV000001: Hibernate Validator 6.2.5.Final
2025-02-18 17:26:54 [main] INFO  o.s.c.c.c.ConfigServicePropertySourceLocator - Fetching config from server at : http://localhost:8888
2025-02-18 17:26:56 [main] INFO  o.s.c.c.c.ConfigServicePropertySourceLocator - Located environment: name=ms-credits, profiles=[default], label=null, version=3dfb484c3d068d093481832eccb35ca1dfbe66dc, state=null
2025-02-18 17:26:56 [main] INFO  o.s.c.b.c.PropertySourceBootstrapConfiguration - Located property source: [BootstrapPropertySource {name='bootstrapProperties-configClient'}, BootstrapPropertySource {name='bootstrapProperties-https://github.com/aliciaVillon/ms-admin-server-data.git/ms-credits.yml'}]
2025-02-18 17:26:56 [main] INFO  p.mscredit.MsCreditApplicationTests - No active profile set, falling back to 1 default profile: "default"
2025-02-18 17:26:56 [main] INFO  o.s.d.r.c.RepositoryConfigurationDelegate - Bootstrapping Spring Data Reactive MongoDB repositories in DEFAULT mode.
2025-02-18 17:26:56 [main] INFO  o.s.d.r.c.RepositoryConfigurationDelegate - Finished Spring Data repository scanning in 166 ms. Found 1 Reactive MongoDB repository interfaces.
2025-02-18 17:26:57 [main] INFO  o.s.cloud.context.scope.GenericScope - BeanFactory id=b267cc67-cf73-3de9-937b-d3958d22d11e
2025-02-18 17:26:58 [main] INFO  org.mongodb.driver.client - MongoClient with metadata {"driver": {"name": "mongo-java-driver|reactive-streams|spring-boot", "version": "4.6.1"}, "os": {"type": "Windows", "name": "Windows 10", "architecture": "amd64", "version": "10.0"}, "platform": "Java/Oracle Corporation/17.0.14+8-LTS-191"} created with settings MongoClientSettings{readPreference=primary, writeConcern=WriteConcern{w=null, wTimeout=null ms, journal=null}, retryWrites=true, retryReads=true, readConcern=ReadConcern{level=null}, credential=null, streamFactoryFactory=NettyStreamFactoryFactory{eventLoopGroup=io.netty.channel.nio.NioEventLoopGroup@b1caa00, socketChannelClass=class io.netty.channel.socket.nio.NioSocketChannel, allocator=PooledByteBufAllocator(directByDefault: true), sslContext=null}, commandListeners=[io.micrometer.core.instrument.binder.mongodb.MongoMetricsCommandListener@6987f367], codecRegistry=ProvidersCodecRegistry{codecProviders=[ValueCodecProvider{}, BsonValueCodecProvider{}, DBRefCodecProvider{}, DBObjectCodecProvider{}, DocumentCodecProvider{}, IterableCodecProvider{}, MapCodecProvider{}, GeoJsonCodecProvider{}, GridFSFileCodecProvider{}, Jsr310CodecProvider{}, JsonObjectCodecProvider{}, BsonCodecProvider{}, EnumCodecProvider{}, com.mongodb.Jep395RecordCodecProvider@2c002f95]}, clusterSettings={hosts=[localhost:27017], srvServiceName=mongodb, mode=SINGLE, requiredClusterType=UNKNOWN, requiredReplicaSetName='null', serverSelector='null', clusterListeners='[]', serverSelectionTimeout='30000 ms', localThreshold='30000 ms'}, socketSettings=SocketSettings{connectTimeoutMS=10000, readTimeoutMS=0, receiveBufferSize=0, sendBufferSize=0}, heartbeatSocketSettings=SocketSettings{connectTimeoutMS=10000, readTimeoutMS=10000, receiveBufferSize=0, sendBufferSize=0}, connectionPoolSettings=ConnectionPoolSettings{maxSize=100, minSize=0, maxWaitTimeMS=120000, maxConnectionLifeTimeMS=0, maxConnectionIdleTimeMS=0, maintenanceInitialDelayMS=0, maintenanceFrequencyMS=60000, connectionPoolListeners=[io.micrometer.core.instrument.binder.mongodb.MongoMetricsConnectionPoolListener@5f5efbfc], maxConnecting=2}, serverSettings=ServerSettings{heartbeatFrequencyMS=10000, minHeartbeatFrequencyMS=500, serverListeners='[]', serverMonitorListeners='[]'}, sslSettings=SslSettings{enabled=false, invalidHostNameAllowed=false, context=null}, applicationName='null', compressorList=[], uuidRepresentation=JAVA_LEGACY, serverApi=null, autoEncryptionSettings=null, contextProvider=null}
2025-02-18 17:26:58 [cluster-rtt-ClusterId{value='67b50932b57b0b5a6786340e', description='null'}-localhost:27017] INFO  org.mongodb.driver.connection - Opened connection [connectionId{localValue:2, serverValue:158}] to localhost:27017
2025-02-18 17:26:58 [cluster-ClusterId{value='67b50932b57b0b5a6786340e', description='null'}-localhost:27017] INFO  org.mongodb.driver.connection - Opened connection [connectionId{localValue:1, serverValue:157}] to localhost:27017
2025-02-18 17:26:58 [cluster-ClusterId{value='67b50932b57b0b5a6786340e', description='null'}-localhost:27017] INFO  org.mongodb.driver.cluster - Monitor thread successfully connected to server with description ServerDescription{address=localhost:27017, type=STANDALONE, state=CONNECTED, ok=true, minWireVersion=0, maxWireVersion=25, maxDocumentSize=16777216, logicalSessionTimeoutMinutes=30, roundTripTimeNanos=78005400}
2025-02-18 17:27:00 [main] INFO  o.s.b.a.e.web.EndpointLinksResolver - Exposing 15 endpoint(s) beneath base path '/actuator'
2025-02-18 17:27:01 [main] INFO  p.mscredit.MsCreditApplicationTests - Started MsCreditApplicationTests in 9.263 seconds (JVM running for 10.996)
2025-02-18 17:27:57 [background-preinit] INFO  o.h.validator.internal.util.Version - HV000001: Hibernate Validator 6.2.5.Final
2025-02-18 17:27:58 [main] INFO  o.s.c.c.c.ConfigServicePropertySourceLocator - Fetching config from server at : http://localhost:8888
2025-02-18 17:28:00 [main] INFO  o.s.c.c.c.ConfigServicePropertySourceLocator - Located environment: name=ms-credits, profiles=[default], label=null, version=3dfb484c3d068d093481832eccb35ca1dfbe66dc, state=null
2025-02-18 17:28:00 [main] INFO  o.s.c.b.c.PropertySourceBootstrapConfiguration - Located property source: [BootstrapPropertySource {name='bootstrapProperties-configClient'}, BootstrapPropertySource {name='bootstrapProperties-https://github.com/aliciaVillon/ms-admin-server-data.git/ms-credits.yml'}]
2025-02-18 17:28:00 [main] INFO  p.mscredit.MsCreditsApplication - No active profile set, falling back to 1 default profile: "default"
2025-02-18 17:28:01 [main] INFO  o.s.d.r.c.RepositoryConfigurationDelegate - Bootstrapping Spring Data Reactive MongoDB repositories in DEFAULT mode.
2025-02-18 17:28:01 [main] INFO  o.s.d.r.c.RepositoryConfigurationDelegate - Finished Spring Data repository scanning in 103 ms. Found 1 Reactive MongoDB repository interfaces.
2025-02-18 17:28:01 [main] INFO  o.s.cloud.context.scope.GenericScope - BeanFactory id=f54c20b1-f911-3ea7-8cf0-1d5b3da04259
2025-02-18 17:28:02 [main] INFO  org.mongodb.driver.client - MongoClient with metadata {"driver": {"name": "mongo-java-driver|reactive-streams|spring-boot", "version": "4.6.1"}, "os": {"type": "Windows", "name": "Windows 10", "architecture": "amd64", "version": "10.0"}, "platform": "Java/Oracle Corporation/11.0.25+9-LTS-256"} created with settings MongoClientSettings{readPreference=primary, writeConcern=WriteConcern{w=null, wTimeout=null ms, journal=null}, retryWrites=true, retryReads=true, readConcern=ReadConcern{level=null}, credential=null, streamFactoryFactory=NettyStreamFactoryFactory{eventLoopGroup=io.netty.channel.nio.NioEventLoopGroup@40f1aa95, socketChannelClass=class io.netty.channel.socket.nio.NioSocketChannel, allocator=PooledByteBufAllocator(directByDefault: true), sslContext=null}, commandListeners=[io.micrometer.core.instrument.binder.mongodb.MongoMetricsCommandListener@1c72189f], codecRegistry=ProvidersCodecRegistry{codecProviders=[ValueCodecProvider{}, BsonValueCodecProvider{}, DBRefCodecProvider{}, DBObjectCodecProvider{}, DocumentCodecProvider{}, IterableCodecProvider{}, MapCodecProvider{}, GeoJsonCodecProvider{}, GridFSFileCodecProvider{}, Jsr310CodecProvider{}, JsonObjectCodecProvider{}, BsonCodecProvider{}, EnumCodecProvider{}, com.mongodb.Jep395RecordCodecProvider@14be750c]}, clusterSettings={hosts=[localhost:27017], srvServiceName=mongodb, mode=SINGLE, requiredClusterType=UNKNOWN, requiredReplicaSetName='null', serverSelector='null', clusterListeners='[]', serverSelectionTimeout='30000 ms', localThreshold='30000 ms'}, socketSettings=SocketSettings{connectTimeoutMS=10000, readTimeoutMS=0, receiveBufferSize=0, sendBufferSize=0}, heartbeatSocketSettings=SocketSettings{connectTimeoutMS=10000, readTimeoutMS=10000, receiveBufferSize=0, sendBufferSize=0}, connectionPoolSettings=ConnectionPoolSettings{maxSize=100, minSize=0, maxWaitTimeMS=120000, maxConnectionLifeTimeMS=0, maxConnectionIdleTimeMS=0, maintenanceInitialDelayMS=0, maintenanceFrequencyMS=60000, connectionPoolListeners=[io.micrometer.core.instrument.binder.mongodb.MongoMetricsConnectionPoolListener@58882a93], maxConnecting=2}, serverSettings=ServerSettings{heartbeatFrequencyMS=10000, minHeartbeatFrequencyMS=500, serverListeners='[]', serverMonitorListeners='[]'}, sslSettings=SslSettings{enabled=false, invalidHostNameAllowed=false, context=null}, applicationName='null', compressorList=[], uuidRepresentation=JAVA_LEGACY, serverApi=null, autoEncryptionSettings=null, contextProvider=null}
2025-02-18 17:28:03 [cluster-rtt-ClusterId{value='67b509720adf8976419e62e9', description='null'}-localhost:27017] INFO  org.mongodb.driver.connection - Opened connection [connectionId{localValue:2, serverValue:160}] to localhost:27017
2025-02-18 17:28:03 [cluster-ClusterId{value='67b509720adf8976419e62e9', description='null'}-localhost:27017] INFO  org.mongodb.driver.connection - Opened connection [connectionId{localValue:1, serverValue:159}] to localhost:27017
2025-02-18 17:28:03 [cluster-ClusterId{value='67b509720adf8976419e62e9', description='null'}-localhost:27017] INFO  org.mongodb.driver.cluster - Monitor thread successfully connected to server with description ServerDescription{address=localhost:27017, type=STANDALONE, state=CONNECTED, ok=true, minWireVersion=0, maxWireVersion=25, maxDocumentSize=16777216, logicalSessionTimeoutMinutes=30, roundTripTimeNanos=54277500}
2025-02-18 17:28:04 [main] INFO  o.s.b.a.e.web.EndpointLinksResolver - Exposing 15 endpoint(s) beneath base path '/actuator'
2025-02-18 17:28:04 [main] INFO  o.s.b.w.e.netty.NettyWebServer - Netty started on port 8083
2025-02-18 17:28:05 [main] INFO  p.mscredit.MsCreditsApplication - Started MsCreditsApplication in 8.197 seconds (JVM running for 8.637)
2025-02-18 17:28:11 [reactor-http-nio-3] INFO  p.mscredit.rest.CreditController - Obteniendo todos los créditos bancarios
2025-02-18 17:28:11 [nioEventLoopGroup-3-3] INFO  org.mongodb.driver.connection - Opened connection [connectionId{localValue:3, serverValue:161}] to localhost:27017
2025-02-18 17:28:59 [reactor-http-nio-3] INFO  p.mscredit.rest.CreditController - Obteniendo todos los créditos bancarios del cliente con ID: 67ac8bc514334b06ea232968
2025-02-18 17:33:01 [reactor-http-nio-5] INFO  p.mscredit.rest.CreditController - Actualizando crédito id: 67ada38cc79d320fa2b4e073
2025-02-18 17:33:07 [reactor-http-nio-5] INFO  p.mscredit.rest.CreditController - Obteniendo todos los créditos bancarios
2025-02-18 17:34:35 [background-preinit] INFO  o.h.validator.internal.util.Version - HV000001: Hibernate Validator 6.2.5.Final
2025-02-18 17:34:36 [main] INFO  o.s.c.c.c.ConfigServicePropertySourceLocator - Fetching config from server at : http://localhost:8888
2025-02-18 17:34:38 [main] INFO  o.s.c.c.c.ConfigServicePropertySourceLocator - Located environment: name=ms-credits, profiles=[default], label=null, version=3dfb484c3d068d093481832eccb35ca1dfbe66dc, state=null
2025-02-18 17:34:38 [main] INFO  o.s.c.b.c.PropertySourceBootstrapConfiguration - Located property source: [BootstrapPropertySource {name='bootstrapProperties-configClient'}, BootstrapPropertySource {name='bootstrapProperties-https://github.com/aliciaVillon/ms-admin-server-data.git/ms-credits.yml'}]
2025-02-18 17:34:38 [main] INFO  p.mscredit.MsCreditsApplication - No active profile set, falling back to 1 default profile: "default"
2025-02-18 17:34:38 [main] INFO  o.s.d.r.c.RepositoryConfigurationDelegate - Bootstrapping Spring Data Reactive MongoDB repositories in DEFAULT mode.
2025-02-18 17:34:38 [main] INFO  o.s.d.r.c.RepositoryConfigurationDelegate - Finished Spring Data repository scanning in 99 ms. Found 1 Reactive MongoDB repository interfaces.
2025-02-18 17:34:39 [main] INFO  o.s.cloud.context.scope.GenericScope - BeanFactory id=f54c20b1-f911-3ea7-8cf0-1d5b3da04259
2025-02-18 17:34:40 [main] INFO  org.mongodb.driver.client - MongoClient with metadata {"driver": {"name": "mongo-java-driver|reactive-streams|spring-boot", "version": "4.6.1"}, "os": {"type": "Windows", "name": "Windows 10", "architecture": "amd64", "version": "10.0"}, "platform": "Java/Oracle Corporation/11.0.25+9-LTS-256"} created with settings MongoClientSettings{readPreference=primary, writeConcern=WriteConcern{w=null, wTimeout=null ms, journal=null}, retryWrites=true, retryReads=true, readConcern=ReadConcern{level=null}, credential=null, streamFactoryFactory=NettyStreamFactoryFactory{eventLoopGroup=io.netty.channel.nio.NioEventLoopGroup@7e2bc2f4, socketChannelClass=class io.netty.channel.socket.nio.NioSocketChannel, allocator=PooledByteBufAllocator(directByDefault: true), sslContext=null}, commandListeners=[io.micrometer.core.instrument.binder.mongodb.MongoMetricsCommandListener@67eeb310], codecRegistry=ProvidersCodecRegistry{codecProviders=[ValueCodecProvider{}, BsonValueCodecProvider{}, DBRefCodecProvider{}, DBObjectCodecProvider{}, DocumentCodecProvider{}, IterableCodecProvider{}, MapCodecProvider{}, GeoJsonCodecProvider{}, GridFSFileCodecProvider{}, Jsr310CodecProvider{}, JsonObjectCodecProvider{}, BsonCodecProvider{}, EnumCodecProvider{}, com.mongodb.Jep395RecordCodecProvider@76af51d6]}, clusterSettings={hosts=[localhost:27017], srvServiceName=mongodb, mode=SINGLE, requiredClusterType=UNKNOWN, requiredReplicaSetName='null', serverSelector='null', clusterListeners='[]', serverSelectionTimeout='30000 ms', localThreshold='30000 ms'}, socketSettings=SocketSettings{connectTimeoutMS=10000, readTimeoutMS=0, receiveBufferSize=0, sendBufferSize=0}, heartbeatSocketSettings=SocketSettings{connectTimeoutMS=10000, readTimeoutMS=10000, receiveBufferSize=0, sendBufferSize=0}, connectionPoolSettings=ConnectionPoolSettings{maxSize=100, minSize=0, maxWaitTimeMS=120000, maxConnectionLifeTimeMS=0, maxConnectionIdleTimeMS=0, maintenanceInitialDelayMS=0, maintenanceFrequencyMS=60000, connectionPoolListeners=[io.micrometer.core.instrument.binder.mongodb.MongoMetricsConnectionPoolListener@39ace1a7], maxConnecting=2}, serverSettings=ServerSettings{heartbeatFrequencyMS=10000, minHeartbeatFrequencyMS=500, serverListeners='[]', serverMonitorListeners='[]'}, sslSettings=SslSettings{enabled=false, invalidHostNameAllowed=false, context=null}, applicationName='null', compressorList=[], uuidRepresentation=JAVA_LEGACY, serverApi=null, autoEncryptionSettings=null, contextProvider=null}
2025-02-18 17:34:40 [cluster-rtt-ClusterId{value='67b50b00c8a5bb49babed0a6', description='null'}-localhost:27017] INFO  org.mongodb.driver.connection - Opened connection [connectionId{localValue:2, serverValue:162}] to localhost:27017
2025-02-18 17:34:40 [cluster-ClusterId{value='67b50b00c8a5bb49babed0a6', description='null'}-localhost:27017] INFO  org.mongodb.driver.connection - Opened connection [connectionId{localValue:1, serverValue:163}] to localhost:27017
2025-02-18 17:34:40 [cluster-ClusterId{value='67b50b00c8a5bb49babed0a6', description='null'}-localhost:27017] INFO  org.mongodb.driver.cluster - Monitor thread successfully connected to server with description ServerDescription{address=localhost:27017, type=STANDALONE, state=CONNECTED, ok=true, minWireVersion=0, maxWireVersion=25, maxDocumentSize=16777216, logicalSessionTimeoutMinutes=30, roundTripTimeNanos=52257800}
2025-02-18 17:34:41 [main] INFO  o.s.b.a.e.web.EndpointLinksResolver - Exposing 15 endpoint(s) beneath base path '/actuator'
2025-02-18 17:34:42 [main] INFO  o.s.b.w.e.netty.NettyWebServer - Netty started on port 8083
2025-02-18 17:34:42 [main] INFO  p.mscredit.MsCreditsApplication - Started MsCreditsApplication in 8.317 seconds (JVM running for 8.719)
2025-02-18 17:35:11 [reactor-http-nio-3] INFO  p.mscredit.rest.CreditController - Actualizando crédito id: 67ada38cc79d320fa2b4e073
2025-02-18 17:35:12 [nioEventLoopGroup-3-3] INFO  org.mongodb.driver.connection - Opened connection [connectionId{localValue:3, serverValue:164}] to localhost:27017
2025-02-18 17:35:20 [reactor-http-nio-3] INFO  p.mscredit.rest.CreditController - Obteniendo todos los créditos bancarios
2025-02-18 17:36:28 [reactor-http-nio-5] INFO  p.mscredit.rest.CreditController - Actualizando crédito id: 67adbe8594103a3091f481d9
2025-02-18 17:49:49 [background-preinit] INFO  o.h.validator.internal.util.Version - HV000001: Hibernate Validator 6.2.5.Final
2025-02-18 17:49:50 [main] INFO  o.s.c.c.c.ConfigServicePropertySourceLocator - Fetching config from server at : http://localhost:8888
2025-02-18 17:49:52 [main] INFO  o.s.c.c.c.ConfigServicePropertySourceLocator - Located environment: name=ms-credits, profiles=[default], label=null, version=3dfb484c3d068d093481832eccb35ca1dfbe66dc, state=null
2025-02-18 17:49:52 [main] INFO  o.s.c.b.c.PropertySourceBootstrapConfiguration - Located property source: [BootstrapPropertySource {name='bootstrapProperties-configClient'}, BootstrapPropertySource {name='bootstrapProperties-https://github.com/aliciaVillon/ms-admin-server-data.git/ms-credits.yml'}]
2025-02-18 17:49:52 [main] INFO  p.mscredit.MsCreditsApplication - No active profile set, falling back to 1 default profile: "default"
2025-02-18 17:49:52 [main] INFO  o.s.d.r.c.RepositoryConfigurationDelegate - Bootstrapping Spring Data Reactive MongoDB repositories in DEFAULT mode.
2025-02-18 17:49:52 [main] INFO  o.s.d.r.c.RepositoryConfigurationDelegate - Finished Spring Data repository scanning in 88 ms. Found 1 Reactive MongoDB repository interfaces.
2025-02-18 17:49:53 [main] INFO  o.s.cloud.context.scope.GenericScope - BeanFactory id=f54c20b1-f911-3ea7-8cf0-1d5b3da04259
2025-02-18 17:49:54 [main] INFO  org.mongodb.driver.client - MongoClient with metadata {"driver": {"name": "mongo-java-driver|reactive-streams|spring-boot", "version": "4.6.1"}, "os": {"type": "Windows", "name": "Windows 10", "architecture": "amd64", "version": "10.0"}, "platform": "Java/Oracle Corporation/11.0.25+9-LTS-256"} created with settings MongoClientSettings{readPreference=primary, writeConcern=WriteConcern{w=null, wTimeout=null ms, journal=null}, retryWrites=true, retryReads=true, readConcern=ReadConcern{level=null}, credential=null, streamFactoryFactory=NettyStreamFactoryFactory{eventLoopGroup=io.netty.channel.nio.NioEventLoopGroup@19dac2d6, socketChannelClass=class io.netty.channel.socket.nio.NioSocketChannel, allocator=PooledByteBufAllocator(directByDefault: true), sslContext=null}, commandListeners=[io.micrometer.core.instrument.binder.mongodb.MongoMetricsCommandListener@7e2bc2f4], codecRegistry=ProvidersCodecRegistry{codecProviders=[ValueCodecProvider{}, BsonValueCodecProvider{}, DBRefCodecProvider{}, DBObjectCodecProvider{}, DocumentCodecProvider{}, IterableCodecProvider{}, MapCodecProvider{}, GeoJsonCodecProvider{}, GridFSFileCodecProvider{}, Jsr310CodecProvider{}, JsonObjectCodecProvider{}, BsonCodecProvider{}, EnumCodecProvider{}, com.mongodb.Jep395RecordCodecProvider@67eeb310]}, clusterSettings={hosts=[localhost:27017], srvServiceName=mongodb, mode=SINGLE, requiredClusterType=UNKNOWN, requiredReplicaSetName='null', serverSelector='null', clusterListeners='[]', serverSelectionTimeout='30000 ms', localThreshold='30000 ms'}, socketSettings=SocketSettings{connectTimeoutMS=10000, readTimeoutMS=0, receiveBufferSize=0, sendBufferSize=0}, heartbeatSocketSettings=SocketSettings{connectTimeoutMS=10000, readTimeoutMS=10000, receiveBufferSize=0, sendBufferSize=0}, connectionPoolSettings=ConnectionPoolSettings{maxSize=100, minSize=0, maxWaitTimeMS=120000, maxConnectionLifeTimeMS=0, maxConnectionIdleTimeMS=0, maintenanceInitialDelayMS=0, maintenanceFrequencyMS=60000, connectionPoolListeners=[io.micrometer.core.instrument.binder.mongodb.MongoMetricsConnectionPoolListener@76af51d6], maxConnecting=2}, serverSettings=ServerSettings{heartbeatFrequencyMS=10000, minHeartbeatFrequencyMS=500, serverListeners='[]', serverMonitorListeners='[]'}, sslSettings=SslSettings{enabled=false, invalidHostNameAllowed=false, context=null}, applicationName='null', compressorList=[], uuidRepresentation=JAVA_LEGACY, serverApi=null, autoEncryptionSettings=null, contextProvider=null}
2025-02-18 17:49:54 [cluster-ClusterId{value='67b50e92937aa93351a8b74c', description='null'}-localhost:27017] INFO  org.mongodb.driver.connection - Opened connection [connectionId{localValue:1, serverValue:166}] to localhost:27017
2025-02-18 17:49:54 [cluster-ClusterId{value='67b50e92937aa93351a8b74c', description='null'}-localhost:27017] INFO  org.mongodb.driver.cluster - Monitor thread successfully connected to server with description ServerDescription{address=localhost:27017, type=STANDALONE, state=CONNECTED, ok=true, minWireVersion=0, maxWireVersion=25, maxDocumentSize=16777216, logicalSessionTimeoutMinutes=30, roundTripTimeNanos=62299300}
2025-02-18 17:49:54 [cluster-rtt-ClusterId{value='67b50e92937aa93351a8b74c', description='null'}-localhost:27017] INFO  org.mongodb.driver.connection - Opened connection [connectionId{localValue:2, serverValue:165}] to localhost:27017
2025-02-18 17:49:55 [main] INFO  o.s.b.a.e.web.EndpointLinksResolver - Exposing 15 endpoint(s) beneath base path '/actuator'
2025-02-18 17:49:56 [main] INFO  o.s.b.w.e.netty.NettyWebServer - Netty started on port 8083
2025-02-18 17:49:57 [main] INFO  p.mscredit.MsCreditsApplication - Started MsCreditsApplication in 8.057 seconds (JVM running for 8.452)
2025-02-18 18:02:35 [reactor-http-nio-3] INFO  p.mscredit.rest.CreditController - Obteniendo todos los créditos bancarios
2025-02-18 18:02:35 [nioEventLoopGroup-3-3] INFO  org.mongodb.driver.connection - Opened connection [connectionId{localValue:3, serverValue:172}] to localhost:27017
2025-02-18 18:23:46 [reactor-http-nio-5] INFO  p.mscredit.rest.CreditController - Intentando crear crédito para cliente 67ab634131c418764ebfb067
2025-02-18 18:24:05 [reactor-http-nio-5] INFO  p.mscredit.rest.CreditController - Intentando crear crédito para cliente 67ac8bc514334b06ea232968
2025-02-18 18:24:16 [reactor-http-nio-5] INFO  p.mscredit.rest.CreditController - Obteniendo todos los créditos bancarios
2025-02-18 18:26:25 [reactor-http-nio-7] INFO  p.mscredit.rest.CreditController - Obteniendo todos los créditos bancarios del cliente con ID: 67b5170ca0b2356cb7b79846
2025-02-18 18:26:47 [reactor-http-nio-8] INFO  p.mscredit.rest.CreditController - Obteniendo todos los créditos bancarios del cliente con ID: 67b5170ca0b2356cb7b79846
2025-02-18 18:28:45 [reactor-http-nio-8] INFO  p.mscredit.rest.CreditController - Obteniendo todos los créditos bancarios del cliente con ID: 67b5170ca0b2356cb7b79846
2025-02-18 18:34:31 [reactor-http-nio-10] INFO  p.mscredit.rest.CreditController - Obteniendo todos los créditos bancarios
2025-02-18 18:35:04 [reactor-http-nio-10] INFO  p.mscredit.rest.CreditController - Obteniendo todos los créditos bancarios
2025-02-18 18:38:18 [reactor-http-nio-12] INFO  p.mscredit.rest.CreditController - Intentando crear crédito para cliente 67ac8bc514334b06ea232968
2025-02-18 18:38:36 [reactor-http-nio-12] INFO  p.mscredit.rest.CreditController - Obteniendo todos los créditos bancarios del cliente con ID: 67ac8bc514334b06ea232968
2025-02-18 18:39:01 [reactor-http-nio-12] INFO  p.mscredit.rest.CreditController - Obteniendo todos los créditos bancarios del cliente con ID: 67b4bacba0b2356cb7b79845
2025-02-18 18:39:47 [reactor-http-nio-12] INFO  p.mscredit.rest.CreditController - Obteniendo todos los créditos bancarios
2025-02-18 18:40:29 [reactor-http-nio-8] INFO  p.mscredit.rest.CreditController - Obteniendo todos los créditos bancarios del cliente con ID: 67b4bacba0b2356cb7b79845
2025-02-18 18:42:10 [reactor-http-nio-14] INFO  p.mscredit.rest.CreditController - Intentando crear crédito para cliente 67b4bacba0b2356cb7b79845
2025-02-18 18:42:17 [reactor-http-nio-8] INFO  p.mscredit.rest.CreditController - Obteniendo todos los créditos bancarios del cliente con ID: 67b4bacba0b2356cb7b79845
2025-02-18 18:44:11 [reactor-http-nio-2] INFO  p.mscredit.rest.CreditController - Intentando crear crédito para cliente 67b4bacba0b2356cb7b79845
2025-02-18 18:44:18 [reactor-http-nio-8] INFO  p.mscredit.rest.CreditController - Obteniendo todos los créditos bancarios del cliente con ID: 67b4bacba0b2356cb7b79845
2025-02-18 18:45:10 [reactor-http-nio-2] INFO  p.mscredit.rest.CreditController - Obteniendo todos los créditos bancarios del cliente con ID: 67b4bacba0b2356cb7b79845
2025-02-18 19:53:02 [reactor-http-nio-3] INFO  p.mscredit.rest.CreditController - Obteniendo todos los créditos bancarios del cliente con ID: 67b4bacba0b2356cb7b79845
