2025-02-20 12:49:50 [background-preinit] INFO  o.h.validator.internal.util.Version - HV000001: Hibernate Validator 6.2.5.Final
2025-02-20 12:49:51 [main] INFO  o.s.c.c.c.ConfigServicePropertySourceLocator - Fetching config from server at : http://localhost:8888
2025-02-20 12:49:53 [main] INFO  o.s.c.c.c.ConfigServicePropertySourceLocator - Located environment: name=ms-credits, profiles=[default], label=null, version=3dfb484c3d068d093481832eccb35ca1dfbe66dc, state=null
2025-02-20 12:49:53 [main] INFO  o.s.c.b.c.PropertySourceBootstrapConfiguration - Located property source: [BootstrapPropertySource {name='bootstrapProperties-configClient'}, BootstrapPropertySource {name='bootstrapProperties-https://github.com/aliciaVillon/ms-admin-server-data.git/ms-credits.yml'}]
2025-02-20 12:49:53 [main] INFO  p.mscredit.MsCreditsApplication - No active profile set, falling back to 1 default profile: "default"
2025-02-20 12:49:53 [main] INFO  o.s.d.r.c.RepositoryConfigurationDelegate - Bootstrapping Spring Data Reactive MongoDB repositories in DEFAULT mode.
2025-02-20 12:49:53 [main] INFO  o.s.d.r.c.RepositoryConfigurationDelegate - Finished Spring Data repository scanning in 96 ms. Found 1 Reactive MongoDB repository interfaces.
2025-02-20 12:49:54 [main] INFO  o.s.cloud.context.scope.GenericScope - BeanFactory id=f54c20b1-f911-3ea7-8cf0-1d5b3da04259
2025-02-20 12:49:54 [main] INFO  org.mongodb.driver.client - MongoClient with metadata {"driver": {"name": "mongo-java-driver|reactive-streams|spring-boot", "version": "4.6.1"}, "os": {"type": "Windows", "name": "Windows 10", "architecture": "amd64", "version": "10.0"}, "platform": "Java/Oracle Corporation/11.0.25+9-LTS-256"} created with settings MongoClientSettings{readPreference=primary, writeConcern=WriteConcern{w=null, wTimeout=null ms, journal=null}, retryWrites=true, retryReads=true, readConcern=ReadConcern{level=null}, credential=null, streamFactoryFactory=NettyStreamFactoryFactory{eventLoopGroup=io.netty.channel.nio.NioEventLoopGroup@5563bb40, socketChannelClass=class io.netty.channel.socket.nio.NioSocketChannel, allocator=PooledByteBufAllocator(directByDefault: true), sslContext=null}, commandListeners=[io.micrometer.core.instrument.binder.mongodb.MongoMetricsCommandListener@11148dc2], codecRegistry=ProvidersCodecRegistry{codecProviders=[ValueCodecProvider{}, BsonValueCodecProvider{}, DBRefCodecProvider{}, DBObjectCodecProvider{}, DocumentCodecProvider{}, IterableCodecProvider{}, MapCodecProvider{}, GeoJsonCodecProvider{}, GridFSFileCodecProvider{}, Jsr310CodecProvider{}, JsonObjectCodecProvider{}, BsonCodecProvider{}, EnumCodecProvider{}, com.mongodb.Jep395RecordCodecProvider@3be80ece]}, clusterSettings={hosts=[localhost:27017], srvServiceName=mongodb, mode=SINGLE, requiredClusterType=UNKNOWN, requiredReplicaSetName='null', serverSelector='null', clusterListeners='[]', serverSelectionTimeout='30000 ms', localThreshold='30000 ms'}, socketSettings=SocketSettings{connectTimeoutMS=10000, readTimeoutMS=0, receiveBufferSize=0, sendBufferSize=0}, heartbeatSocketSettings=SocketSettings{connectTimeoutMS=10000, readTimeoutMS=10000, receiveBufferSize=0, sendBufferSize=0}, connectionPoolSettings=ConnectionPoolSettings{maxSize=100, minSize=0, maxWaitTimeMS=120000, maxConnectionLifeTimeMS=0, maxConnectionIdleTimeMS=0, maintenanceInitialDelayMS=0, maintenanceFrequencyMS=60000, connectionPoolListeners=[io.micrometer.core.instrument.binder.mongodb.MongoMetricsConnectionPoolListener@60a01cb], maxConnecting=2}, serverSettings=ServerSettings{heartbeatFrequencyMS=10000, minHeartbeatFrequencyMS=500, serverListeners='[]', serverMonitorListeners='[]'}, sslSettings=SslSettings{enabled=false, invalidHostNameAllowed=false, context=null}, applicationName='null', compressorList=[], uuidRepresentation=JAVA_LEGACY, serverApi=null, autoEncryptionSettings=null, contextProvider=null}
2025-02-20 12:49:55 [cluster-ClusterId{value='67b76b420aa00e5d0ae6508f', description='null'}-localhost:27017] INFO  org.mongodb.driver.connection - Opened connection [connectionId{localValue:1, serverValue:15}] to localhost:27017
2025-02-20 12:49:55 [cluster-rtt-ClusterId{value='67b76b420aa00e5d0ae6508f', description='null'}-localhost:27017] INFO  org.mongodb.driver.connection - Opened connection [connectionId{localValue:2, serverValue:14}] to localhost:27017
2025-02-20 12:49:55 [cluster-ClusterId{value='67b76b420aa00e5d0ae6508f', description='null'}-localhost:27017] INFO  org.mongodb.driver.cluster - Monitor thread successfully connected to server with description ServerDescription{address=localhost:27017, type=STANDALONE, state=CONNECTED, ok=true, minWireVersion=0, maxWireVersion=25, maxDocumentSize=16777216, logicalSessionTimeoutMinutes=30, roundTripTimeNanos=46831500}
2025-02-20 12:49:57 [main] INFO  o.s.b.a.e.web.EndpointLinksResolver - Exposing 15 endpoint(s) beneath base path '/actuator'
2025-02-20 12:49:57 [main] INFO  o.s.b.w.e.netty.NettyWebServer - Netty started on port 8083
2025-02-20 12:49:58 [main] INFO  p.mscredit.MsCreditsApplication - Started MsCreditsApplication in 8.48 seconds (JVM running for 8.939)
2025-02-20 14:22:22 [cluster-ClusterId{value='67b76b420aa00e5d0ae6508f', description='null'}-localhost:27017] INFO  org.mongodb.driver.cluster - Exception in monitor thread while connecting to server localhost:27017
com.mongodb.MongoSocketReadTimeoutException: Timeout while receiving message
	at com.mongodb.connection.netty.NettyStream$InboundBufferHandler.exceptionCaught(NettyStream.java:427)
	at io.netty.channel.AbstractChannelHandlerContext.invokeExceptionCaught(AbstractChannelHandlerContext.java:346)
	at io.netty.channel.AbstractChannelHandlerContext.invokeExceptionCaught(AbstractChannelHandlerContext.java:325)
	at io.netty.channel.AbstractChannelHandlerContext.fireExceptionCaught(AbstractChannelHandlerContext.java:317)
	at com.mongodb.connection.netty.NettyStream$ReadTimeoutTask.run(NettyStream.java:564)
	at io.netty.util.concurrent.PromiseTask.runTask(PromiseTask.java:98)
	at io.netty.util.concurrent.ScheduledFutureTask.run(ScheduledFutureTask.java:153)
	at io.netty.util.concurrent.AbstractEventExecutor.runTask(AbstractEventExecutor.java:173)
	at io.netty.util.concurrent.AbstractEventExecutor.safeExecute(AbstractEventExecutor.java:166)
	at io.netty.util.concurrent.SingleThreadEventExecutor.runAllTasks(SingleThreadEventExecutor.java:470)
	at io.netty.channel.nio.NioEventLoop.run(NioEventLoop.java:569)
	at io.netty.util.concurrent.SingleThreadEventExecutor$4.run(SingleThreadEventExecutor.java:997)
	at io.netty.util.internal.ThreadExecutorMap$2.run(ThreadExecutorMap.java:74)
	at io.netty.util.concurrent.FastThreadLocalRunnable.run(FastThreadLocalRunnable.java:30)
	at java.base/java.lang.Thread.run(Thread.java:834)
Caused by: io.netty.handler.timeout.ReadTimeoutException: null
2025-02-20 14:22:23 [cluster-ClusterId{value='67b76b420aa00e5d0ae6508f', description='null'}-localhost:27017] INFO  org.mongodb.driver.connection - Opened connection [connectionId{localValue:3, serverValue:25}] to localhost:27017
2025-02-20 14:22:23 [cluster-ClusterId{value='67b76b420aa00e5d0ae6508f', description='null'}-localhost:27017] INFO  org.mongodb.driver.cluster - Monitor thread successfully connected to server with description ServerDescription{address=localhost:27017, type=STANDALONE, state=CONNECTED, ok=true, minWireVersion=0, maxWireVersion=25, maxDocumentSize=16777216, logicalSessionTimeoutMinutes=30, roundTripTimeNanos=678902500}
2025-02-20 15:51:50 [reactor-http-nio-2] INFO  p.mscredit.rest.CreditController - Obteniendo todos los créditos bancarios del cliente con ID: 67b5170ca0b2356cb7b79846
2025-02-20 15:51:50 [nioEventLoopGroup-3-4] INFO  org.mongodb.driver.connection - Opened connection [connectionId{localValue:4, serverValue:61}] to localhost:27017
2025-02-20 15:52:05 [reactor-http-nio-4] INFO  p.mscredit.rest.CreditController - Obteniendo todos los créditos bancarios
2025-02-20 15:52:18 [reactor-http-nio-5] INFO  p.mscredit.rest.CreditController - Obteniendo todos los créditos bancarios del cliente con ID: 67ab649b31c418764ebfb068
2025-02-20 15:55:31 [reactor-http-nio-6] INFO  p.mscredit.rest.CreditController - Obteniendo todos los créditos bancarios del cliente con ID: 67ab649b31c418764ebfb068
2025-02-20 15:57:40 [reactor-http-nio-7] INFO  p.mscredit.rest.CreditController - Obteniendo todos los créditos bancarios del cliente con ID: 67ab649b31c418764ebfb068
2025-02-20 16:18:21 [reactor-http-nio-8] INFO  p.mscredit.rest.CreditController - Obteniendo todos los créditos bancarios del cliente con ID: 67ab649b31c418764ebfb068
2025-02-20 16:19:13 [reactor-http-nio-8] INFO  p.mscredit.rest.CreditController - Obteniendo todos los créditos bancarios del cliente con ID: 67ab649b31c418764ebfb068
2025-02-20 16:24:45 [reactor-http-nio-8] INFO  p.mscredit.rest.CreditController - Obteniendo todos los créditos bancarios del cliente con ID: 67b4bacba0b2356cb7b79845
2025-02-20 17:14:25 [reactor-http-nio-9] INFO  p.mscredit.rest.CreditController - Obteniendo todos los créditos bancarios del cliente con ID: 67b7a8b8bc7425468a99fa38
2025-02-20 22:14:06 [cluster-ClusterId{value='67b76b420aa00e5d0ae6508f', description='null'}-localhost:27017] INFO  org.mongodb.driver.cluster - Exception in monitor thread while connecting to server localhost:27017
com.mongodb.MongoSocketReadTimeoutException: Timeout while receiving message
	at com.mongodb.connection.netty.NettyStream$InboundBufferHandler.exceptionCaught(NettyStream.java:427)
	at io.netty.channel.AbstractChannelHandlerContext.invokeExceptionCaught(AbstractChannelHandlerContext.java:346)
	at io.netty.channel.AbstractChannelHandlerContext.invokeExceptionCaught(AbstractChannelHandlerContext.java:325)
	at io.netty.channel.AbstractChannelHandlerContext.fireExceptionCaught(AbstractChannelHandlerContext.java:317)
	at com.mongodb.connection.netty.NettyStream$ReadTimeoutTask.run(NettyStream.java:564)
	at io.netty.util.concurrent.PromiseTask.runTask(PromiseTask.java:98)
	at io.netty.util.concurrent.ScheduledFutureTask.run(ScheduledFutureTask.java:153)
	at io.netty.util.concurrent.AbstractEventExecutor.runTask(AbstractEventExecutor.java:173)
	at io.netty.util.concurrent.AbstractEventExecutor.safeExecute(AbstractEventExecutor.java:166)
	at io.netty.util.concurrent.SingleThreadEventExecutor.runAllTasks(SingleThreadEventExecutor.java:470)
	at io.netty.channel.nio.NioEventLoop.run(NioEventLoop.java:569)
	at io.netty.util.concurrent.SingleThreadEventExecutor$4.run(SingleThreadEventExecutor.java:997)
	at io.netty.util.internal.ThreadExecutorMap$2.run(ThreadExecutorMap.java:74)
	at io.netty.util.concurrent.FastThreadLocalRunnable.run(FastThreadLocalRunnable.java:30)
	at java.base/java.lang.Thread.run(Thread.java:834)
Caused by: io.netty.handler.timeout.ReadTimeoutException: null
2025-02-20 22:14:07 [cluster-ClusterId{value='67b76b420aa00e5d0ae6508f', description='null'}-localhost:27017] INFO  org.mongodb.driver.connection - Opened connection [connectionId{localValue:5, serverValue:114}] to localhost:27017
2025-02-20 22:14:07 [cluster-ClusterId{value='67b76b420aa00e5d0ae6508f', description='null'}-localhost:27017] INFO  org.mongodb.driver.cluster - Monitor thread successfully connected to server with description ServerDescription{address=localhost:27017, type=STANDALONE, state=CONNECTED, ok=true, minWireVersion=0, maxWireVersion=25, maxDocumentSize=16777216, logicalSessionTimeoutMinutes=30, roundTripTimeNanos=418950300}
